<?xml version="1.0" encoding="UTF-8"?>
<!-- Generated by org.testng.reporters.JUnitXMLReporter -->
<testsuite hostname="Raghuram" ignored="0" name="Health Parameter" tests="15" failures="0" timestamp="29 Jun 2017 15:55:28 GMT" time="352.037" errors="0">
  <testcase name="adherenceRateCreate" time="24.5" classname="com.medlink.Android.TestCase.HealthParameter"/>
  <testcase name="bloodPressureCreate" time="32.11" classname="com.medlink.Android.TestCase.HealthParameter"/>
  <testcase name="viralLoadCreate" time="30.173" classname="com.medlink.Android.TestCase.HealthParameter"/>
  <testcase name="bloodPressureDelete" time="15.068" classname="com.medlink.Android.TestCase.HealthParameter"/>
  <testcase name="bmiCreate" time="41.332" classname="com.medlink.Android.TestCase.HealthParameter"/>
  <testcase name="bmiDelete" time="17.466" classname="com.medlink.Android.TestCase.HealthParameter"/>
  <testcase name="cd4Create" time="27.738" classname="com.medlink.Android.TestCase.HealthParameter"/>
  <testcase name="cd4Delete" time="16.745" classname="com.medlink.Android.TestCase.HealthParameter"/>
  <testcase name="minutesCaloriesCreate" time="57.483" classname="com.medlink.Android.TestCase.HealthParameter"/>
  <testcase name="minutesCaloriesDelete" time="15.574" classname="com.medlink.Android.TestCase.HealthParameter"/>
  <testcase name="pulseCreate" time="23.361" classname="com.medlink.Android.TestCase.HealthParameter"/>
  <testcase name="pulseDelete" time="16.411" classname="com.medlink.Android.TestCase.HealthParameter"/>
  <testcase name="viralLoadDelete" time="15.714" classname="com.medlink.Android.TestCase.HealthParameter"/>
  <testcase name="editAdherenceRate" time="3.639" classname="com.medlink.Android.TestCase.HealthParameter"/>
  <testcase name="deleteAdherenceRate" time="3.207" classname="com.medlink.Android.TestCase.HealthParameter"/>
</testsuite> <!-- Health Parameter -->
