<?xml version="1.0" encoding="UTF-8"?>
<!-- Generated by org.testng.reporters.JUnitXMLReporter -->
<testsuite hostname="Raghuram" ignored="0" name="Sessions" tests="3" failures="0" timestamp="29 Jun 2017 15:56:18 GMT" time="50.012" errors="0">
  <testcase name="session1Completion" time="24.792" classname="com.medlink.Android.TestCase.Sessions"/>
  <testcase name="sessionGeneralActivities" time="8.072" classname="com.medlink.Android.TestCase.Sessions"/>
  <testcase name="session1Reset" time="5.803" classname="com.medlink.Android.TestCase.Sessions"/>
</testsuite> <!-- Sessions -->
