<?xml version="1.0" encoding="UTF-8"?>
<!-- Generated by org.testng.reporters.JUnitXMLReporter -->
<testsuite hostname="Raghuram" ignored="0" name="Symptoms Diary" tests="3" failures="0" timestamp="29 Jun 2017 15:57:30 GMT" time="40.535" errors="0">
  <testcase name="symptomsCreateOrderByDate" time="13.711" classname="com.medlink.Android.TestCase.SymptomsDiary"/>
  <testcase name="symptomsCreateOrderBySymptoms" time="9.873" classname="com.medlink.Android.TestCase.SymptomsDiary"/>
  <testcase name="symptomsDiaryDelete" time="5.667" classname="com.medlink.Android.TestCase.SymptomsDiary"/>
</testsuite> <!-- Symptoms Diary -->
