<?xml version="1.0" encoding="UTF-8"?>
<!-- Generated by org.testng.reporters.JUnitXMLReporter -->
<testsuite hostname="Raghuram" ignored="0" name="Treatment Summary" tests="9" failures="1" timestamp="29 Jun 2017 15:49:35 GMT" time="256.396" errors="0">
  <testcase name="biWeeklyDosageCreate" time="33.651" classname="com.medlink.Android.TestCase.TreatmentSummary"/>
  <testcase name="dailyDosageCreate" time="64.87" classname="com.medlink.Android.TestCase.TreatmentSummary"/>
  <testcase name="weeklyDosageCreate" time="43.76" classname="com.medlink.Android.TestCase.TreatmentSummary"/>
  <testcase name="biWeeklyUpdate" time="17.728" classname="com.medlink.Android.TestCase.TreatmentSummary"/>
  <testcase name="updateDailyDosage" time="18.094" classname="com.medlink.Android.TestCase.TreatmentSummary"/>
  <testcase name="weeklyDosageUpdate" time="14.841" classname="com.medlink.Android.TestCase.TreatmentSummary"/>
  <testcase name="deleteDailyDosage" time="6.705" classname="com.medlink.Android.TestCase.TreatmentSummary">
    <failure type="java.lang.AssertionError" message="expected [1] but found [0]">
      <![CDATA[java.lang.AssertionError: expected [1] but found [0]
	at com.medlink.Android.TestCase.TreatmentSummary.deleteDailyDosage(TreatmentSummary.java:219)
... Removed 31 stack frames]]>
    </failure>
  </testcase> <!-- deleteDailyDosage -->
  <testcase name="deleteWeeklyDosage" time="16.192" classname="com.medlink.Android.TestCase.TreatmentSummary"/>
  <testcase name="biweeklyDosageDelete" time="15.657" classname="com.medlink.Android.TestCase.TreatmentSummary"/>
</testsuite> <!-- Treatment Summary -->
