<?xml version="1.0" encoding="UTF-8"?>
<!-- Generated by org.testng.reporters.JUnitXMLReporter -->
<testsuite hostname="Raghuram" ignored="0" name="Default test" tests="3" failures="0" timestamp="29 Jun 2017 16:07:00 GMT" time="54.006" errors="0">
  <testcase name="session1Completion" time="24.461" classname="com.medlink.Android.TestCase.Sessions"/>
  <testcase name="sessionGeneralActivities" time="8.219" classname="com.medlink.Android.TestCase.Sessions"/>
  <testcase name="session1Reset" time="5.943" classname="com.medlink.Android.TestCase.Sessions"/>
</testsuite> <!-- Default test -->
