<?xml version="1.0" encoding="UTF-8"?>
<!-- Generated by org.testng.reporters.JUnitXMLReporter -->
<testsuite hostname="Raghuram" ignored="0" name="com.medlink.Android.TestCase" tests="20" failures="0" timestamp="18 Jun 2017 19:03:04 GMT" time="75.493" errors="0">
  <testcase name="@BeforeClass hpDriverInit" time="0.016" classname="com.medlink.Android.TestCase.HealthParameter">
    <failure type="java.lang.NullPointerException">
      <![CDATA[java.lang.NullPointerException
	at com.medlink.Android.TestCase.HealthParameter.hpDriverInit(HealthParameter.java:22)
	at sun.reflect.NativeMethodAccessorImpl.invoke0(Native Method)
	at sun.reflect.NativeMethodAccessorImpl.invoke(NativeMethodAccessorImpl.java:62)
	at sun.reflect.DelegatingMethodAccessorImpl.invoke(DelegatingMethodAccessorImpl.java:43)
	at java.lang.reflect.Method.invoke(Method.java:497)
	at org.testng.internal.MethodInvocationHelper.invokeMethod(MethodInvocationHelper.java:108)
	at org.testng.internal.Invoker.invokeConfigurationMethod(Invoker.java:523)
	at org.testng.internal.Invoker.invokeConfigurations(Invoker.java:224)
	at org.testng.internal.Invoker.invokeConfigurations(Invoker.java:146)
	at org.testng.internal.TestMethodWorker.invokeBeforeClassMethods(TestMethodWorker.java:166)
	at org.testng.internal.TestMethodWorker.run(TestMethodWorker.java:105)
	at org.testng.TestRunner.privateRun(TestRunner.java:744)
	at org.testng.TestRunner.run(TestRunner.java:602)
	at org.testng.SuiteRunner.runTest(SuiteRunner.java:380)
	at org.testng.SuiteRunner.runSequentially(SuiteRunner.java:375)
	at org.testng.SuiteRunner.privateRun(SuiteRunner.java:340)
	at org.testng.SuiteRunner.run(SuiteRunner.java:289)
	at org.testng.SuiteRunnerWorker.runSuite(SuiteRunnerWorker.java:52)
	at org.testng.SuiteRunnerWorker.run(SuiteRunnerWorker.java:86)
	at org.testng.TestNG.runSuitesSequentially(TestNG.java:1301)
	at org.testng.TestNG.runSuitesLocally(TestNG.java:1226)
	at org.testng.TestNG.runSuites(TestNG.java:1144)
	at org.testng.TestNG.run(TestNG.java:1115)
	at org.testng.remote.AbstractRemoteTestNG.run(AbstractRemoteTestNG.java:132)
	at org.testng.remote.RemoteTestNG.initAndRun(RemoteTestNG.java:230)
	at org.testng.remote.RemoteTestNG.main(RemoteTestNG.java:76)
]]>
    </failure>
  </testcase> <!-- @BeforeClass hpDriverInit -->
  <testcase name="adherenceRateCreate" time="0.001" classname="com.medlink.Android.TestCase.HealthParameter">
    <skipped/>
  </testcase> <!-- adherenceRateCreate -->
  <testcase name="bloodPressureCreate" time="0.0" classname="com.medlink.Android.TestCase.HealthParameter">
    <skipped/>
  </testcase> <!-- bloodPressureCreate -->
  <testcase name="bloodPressureDelete" time="0.0" classname="com.medlink.Android.TestCase.HealthParameter">
    <skipped/>
  </testcase> <!-- bloodPressureDelete -->
  <testcase name="bmiCreate" time="0.0" classname="com.medlink.Android.TestCase.HealthParameter">
    <skipped/>
  </testcase> <!-- bmiCreate -->
  <testcase name="cd4Create" time="0.0" classname="com.medlink.Android.TestCase.HealthParameter">
    <skipped/>
  </testcase> <!-- cd4Create -->
  <testcase name="minutesCaloriesCreate" time="0.0" classname="com.medlink.Android.TestCase.HealthParameter">
    <skipped/>
  </testcase> <!-- minutesCaloriesCreate -->
  <testcase name="minutesCaloriesDelete" time="0.0" classname="com.medlink.Android.TestCase.HealthParameter">
    <skipped/>
  </testcase> <!-- minutesCaloriesDelete -->
  <testcase name="pulseCreate" time="0.0" classname="com.medlink.Android.TestCase.HealthParameter">
    <skipped/>
  </testcase> <!-- pulseCreate -->
  <testcase name="session1Completion" time="0.0" classname="com.medlink.Android.TestCase.HealthParameter">
    <skipped/>
  </testcase> <!-- session1Completion -->
  <testcase name="sessionGeneralActivities" time="0.0" classname="com.medlink.Android.TestCase.HealthParameter">
    <skipped/>
  </testcase> <!-- sessionGeneralActivities -->
  <testcase name="viralLoadDelete" time="0.0" classname="com.medlink.Android.TestCase.HealthParameter">
    <skipped/>
  </testcase> <!-- viralLoadDelete -->
  <testcase name="bmiDelete" time="0.0" classname="com.medlink.Android.TestCase.HealthParameter">
    <skipped/>
  </testcase> <!-- bmiDelete -->
  <testcase name="cd4Delete" time="0.0" classname="com.medlink.Android.TestCase.HealthParameter">
    <skipped/>
  </testcase> <!-- cd4Delete -->
  <testcase name="pulseDelete" time="0.0" classname="com.medlink.Android.TestCase.HealthParameter">
    <skipped/>
  </testcase> <!-- pulseDelete -->
  <testcase name="viralLoadCreate" time="0.0" classname="com.medlink.Android.TestCase.HealthParameter">
    <skipped/>
  </testcase> <!-- viralLoadCreate -->
  <testcase name="session1Reset" time="0.0" classname="com.medlink.Android.TestCase.HealthParameter">
    <skipped/>
  </testcase> <!-- session1Reset -->
  <testcase name="dailyDosageCreate" time="50.768" classname="com.medlink.Android.TestCase.TreatmentSummary"/>
  <testcase name="updateDosage" time="12.18" classname="com.medlink.Android.TestCase.TreatmentSummary"/>
  <testcase name="editAdherenceRate" time="0.0" classname="com.medlink.Android.TestCase.HealthParameter">
    <skipped/>
  </testcase> <!-- editAdherenceRate -->
  <testcase name="deleteAdherenceRate" time="0.0" classname="com.medlink.Android.TestCase.HealthParameter">
    <skipped/>
  </testcase> <!-- deleteAdherenceRate -->
</testsuite> <!-- com.medlink.Android.TestCase -->
